{"name":"applicationLog_log","hostname":"TEC-N07566","pid":19564,"TAG":"sqlQueryMon Jan 25 2021 22:50:40 GMT+0800 (Malay Peninsula Standard Time)","level":30,"resultMsg":"SELECT validateuser('durgesh.test@gmail.com','e10adc3949ba59abbe56e057f20f883e');","msg":"","time":"2021-01-25T14:50:40.295Z","v":0}
{"name":"applicationLog_log","hostname":"TEC-N07566","pid":19564,"TAG":"sqlQueryResultMon Jan 25 2021 22:50:41 GMT+0800 (Malay Peninsula Standard Time)","level":30,"resultMsg":13,"msg":"","time":"2021-01-25T14:50:41.241Z","v":0}
{"name":"applicationLog_log","hostname":"TEC-N07566","pid":19564,"TAG":"sqlQueryMon Jan 25 2021 22:50:41 GMT+0800 (Malay Peninsula Standard Time)","level":30,"resultMsg":"SELECT validateuseremail('durgesh.test@gmail.com');","msg":"","time":"2021-01-25T14:50:41.249Z","v":0}
{"name":"applicationLog_log","hostname":"TEC-N07566","pid":19564,"TAG":"sqlQueryResultMon Jan 25 2021 22:50:41 GMT+0800 (Malay Peninsula Standard Time)","level":30,"resultMsg":"success","msg":"","time":"2021-01-25T14:50:41.316Z","v":0}
{"name":"applicationLog_log","hostname":"TEC-N07566","pid":23852,"TAG":"sqlQueryMon Jan 25 2021 22:56:36 GMT+0800 (Malay Peninsula Standard Time)","level":30,"resultMsg":"SELECT adduser('durgesh.test3@gmail.com','test','e10adc3949ba59abbe56e057f20f883e','test');","msg":"","time":"2021-01-25T14:56:36.929Z","v":0}
{"name":"applicationLog_log","hostname":"TEC-N07566","pid":23852,"TAG":"sqlQueryResultMon Jan 25 2021 22:56:37 GMT+0800 (Malay Peninsula Standard Time)","level":30,"resultMsg":"success","msg":"","time":"2021-01-25T14:56:37.795Z","v":0}
{"name":"applicationLog_log","hostname":"TEC-N07566","pid":36252,"TAG":"sqlQueryMon Jan 25 2021 23:29:20 GMT+0800 (Malay Peninsula Standard Time)","level":30,"resultMsg":"SELECT validateuser('durgesh.test@gmail.com','e10adc3949ba59abbe56e057f20f883e');","msg":"","time":"2021-01-25T15:29:20.530Z","v":0}
{"name":"applicationLog_log","hostname":"TEC-N07566","pid":36252,"TAG":"sqlQueryResultMon Jan 25 2021 23:29:21 GMT+0800 (Malay Peninsula Standard Time)","level":30,"resultMsg":13,"msg":"","time":"2021-01-25T15:29:21.481Z","v":0}
{"name":"applicationLog_log","hostname":"TEC-N07566","pid":36252,"TAG":"sqlQueryMon Jan 25 2021 23:29:21 GMT+0800 (Malay Peninsula Standard Time)","level":30,"resultMsg":"SELECT validateuseremail('durgesh.test@gmail.com');","msg":"","time":"2021-01-25T15:29:21.482Z","v":0}
{"name":"applicationLog_log","hostname":"TEC-N07566","pid":36252,"TAG":"sqlQueryResultMon Jan 25 2021 23:29:21 GMT+0800 (Malay Peninsula Standard Time)","level":30,"resultMsg":"success","msg":"","time":"2021-01-25T15:29:21.549Z","v":0}
{"name":"applicationLog_log","hostname":"TEC-N07566","pid":33500,"TAG":"sqlQueryMon Jan 25 2021 23:31:32 GMT+0800 (Malay Peninsula Standard Time)","level":30,"resultMsg":"SELECT validateuser('durgesh.test@gmail.com','e10adc3949ba59abbe56e057f20f883e');","msg":"","time":"2021-01-25T15:31:32.617Z","v":0}
{"name":"applicationLog_log","hostname":"TEC-N07566","pid":33500,"TAG":"sqlQueryResultMon Jan 25 2021 23:31:33 GMT+0800 (Malay Peninsula Standard Time)","level":30,"resultMsg":13,"msg":"","time":"2021-01-25T15:31:33.426Z","v":0}
{"name":"applicationLog_log","hostname":"TEC-N07566","pid":33500,"TAG":"sqlQueryMon Jan 25 2021 23:31:33 GMT+0800 (Malay Peninsula Standard Time)","level":30,"resultMsg":"SELECT validateuseremail('durgesh.test@gmail.com');","msg":"","time":"2021-01-25T15:31:33.435Z","v":0}
{"name":"applicationLog_log","hostname":"TEC-N07566","pid":33500,"TAG":"sqlQueryResultMon Jan 25 2021 23:31:33 GMT+0800 (Malay Peninsula Standard Time)","level":30,"resultMsg":"success","msg":"","time":"2021-01-25T15:31:33.502Z","v":0}
{"name":"applicationLog_log","hostname":"TEC-N07566","pid":42512,"TAG":"sqlQueryMon Jan 25 2021 23:35:49 GMT+0800 (Malay Peninsula Standard Time)","level":30,"resultMsg":"SELECT validateuser('durgesh.test@gmail.com','e10adc3949ba59abbe56e057f20f883e');","msg":"","time":"2021-01-25T15:35:49.682Z","v":0}
{"name":"applicationLog_log","hostname":"TEC-N07566","pid":42512,"TAG":"sqlQueryResultMon Jan 25 2021 23:35:50 GMT+0800 (Malay Peninsula Standard Time)","level":30,"resultMsg":13,"msg":"","time":"2021-01-25T15:35:50.471Z","v":0}
{"name":"applicationLog_log","hostname":"TEC-N07566","pid":42512,"TAG":"sqlQueryMon Jan 25 2021 23:35:50 GMT+0800 (Malay Peninsula Standard Time)","level":30,"resultMsg":"SELECT validateuseremail('durgesh.test@gmail.com');","msg":"","time":"2021-01-25T15:35:50.478Z","v":0}
{"name":"applicationLog_log","hostname":"TEC-N07566","pid":42512,"TAG":"sqlQueryResultMon Jan 25 2021 23:35:50 GMT+0800 (Malay Peninsula Standard Time)","level":30,"resultMsg":"success","msg":"","time":"2021-01-25T15:35:50.552Z","v":0}
{"name":"applicationLog_log","hostname":"TEC-N07566","pid":42512,"TAG":"sqlQueryMon Jan 25 2021 23:36:29 GMT+0800 (Malay Peninsula Standard Time)","level":30,"resultMsg":"SELECT validateuseremail('durgesh.test@gmail.com');","msg":"","time":"2021-01-25T15:36:29.425Z","v":0}
{"name":"applicationLog_log","hostname":"TEC-N07566","pid":42512,"TAG":"sqlQueryResultMon Jan 25 2021 23:36:29 GMT+0800 (Malay Peninsula Standard Time)","level":30,"resultMsg":"success","msg":"","time":"2021-01-25T15:36:29.859Z","v":0}
{"name":"applicationLog_log","hostname":"TEC-N07566","pid":42512,"TAG":"sqlQueryMon Jan 25 2021 23:36:29 GMT+0800 (Malay Peninsula Standard Time)","level":30,"resultMsg":"SELECT getpermissions();","msg":"","time":"2021-01-25T15:36:29.861Z","v":0}
{"name":"applicationLog_log","hostname":"TEC-N07566","pid":42512,"TAG":"sqlQueryResultMon Jan 25 2021 23:36:29 GMT+0800 (Malay Peninsula Standard Time)","level":30,"resultMsg":[{"id":1,"permission_name":"permission1","created_date":"2021-01-24T23:35:59.094323"},{"id":2,"permission_name":"permission2","created_date":"2021-01-24T23:36:07.626779"}],"msg":"","time":"2021-01-25T15:36:29.934Z","v":0}
{"name":"applicationLog_log","hostname":"TEC-N07566","pid":42512,"TAG":"sqlQueryMon Jan 25 2021 23:36:45 GMT+0800 (Malay Peninsula Standard Time)","level":30,"resultMsg":"SELECT validateuseremail('durgesh.test@gmail.com');","msg":"","time":"2021-01-25T15:36:45.417Z","v":0}
{"name":"applicationLog_log","hostname":"TEC-N07566","pid":42512,"TAG":"sqlQueryResultMon Jan 25 2021 23:36:45 GMT+0800 (Malay Peninsula Standard Time)","level":30,"resultMsg":"success","msg":"","time":"2021-01-25T15:36:45.832Z","v":0}
{"name":"applicationLog_log","hostname":"TEC-N07566","pid":42512,"TAG":"sqlQueryMon Jan 25 2021 23:36:45 GMT+0800 (Malay Peninsula Standard Time)","level":30,"resultMsg":"SELECT addpermissions('test234');","msg":"","time":"2021-01-25T15:36:45.836Z","v":0}
{"name":"applicationLog_log","hostname":"TEC-N07566","pid":42512,"TAG":"sqlQueryResultMon Jan 25 2021 23:36:45 GMT+0800 (Malay Peninsula Standard Time)","level":30,"resultMsg":"success","msg":"","time":"2021-01-25T15:36:45.908Z","v":0}
{"name":"applicationLog_log","hostname":"TEC-N07566","pid":46304,"TAG":"sqlQueryMon Jan 25 2021 23:43:52 GMT+0800 (Malay Peninsula Standard Time)","level":30,"resultMsg":"SELECT validateuser('test@gmail.com','e10adc3949ba59abbe56e057f20f883e');","msg":"","time":"2021-01-25T15:43:52.706Z","v":0}
{"name":"applicationLog_log","hostname":"TEC-N07566","pid":46304,"TAG":"sqlQueryResultMon Jan 25 2021 23:43:53 GMT+0800 (Malay Peninsula Standard Time)","level":30,"resultMsg":"fail","msg":"","time":"2021-01-25T15:43:53.524Z","v":0}
{"name":"applicationLog_log","hostname":"TEC-N07566","pid":46304,"TAG":"sqlQueryMon Jan 25 2021 23:44:08 GMT+0800 (Malay Peninsula Standard Time)","level":30,"resultMsg":"SELECT validateuser('durgesh.test@gmail.com','e10adc3949ba59abbe56e057f20f883e');","msg":"","time":"2021-01-25T15:44:08.006Z","v":0}
{"name":"applicationLog_log","hostname":"TEC-N07566","pid":46304,"TAG":"sqlQueryResultMon Jan 25 2021 23:44:08 GMT+0800 (Malay Peninsula Standard Time)","level":30,"resultMsg":13,"msg":"","time":"2021-01-25T15:44:08.462Z","v":0}
{"name":"applicationLog_log","hostname":"TEC-N07566","pid":46304,"TAG":"sqlQueryMon Jan 25 2021 23:44:08 GMT+0800 (Malay Peninsula Standard Time)","level":30,"resultMsg":"SELECT validateuseremail('durgesh.test@gmail.com');","msg":"","time":"2021-01-25T15:44:08.473Z","v":0}
{"name":"applicationLog_log","hostname":"TEC-N07566","pid":46304,"TAG":"sqlQueryResultMon Jan 25 2021 23:44:08 GMT+0800 (Malay Peninsula Standard Time)","level":30,"resultMsg":"success","msg":"","time":"2021-01-25T15:44:08.557Z","v":0}
{"name":"applicationLog_log","hostname":"TEC-N07566","pid":46304,"TAG":"sqlQueryMon Jan 25 2021 23:44:45 GMT+0800 (Malay Peninsula Standard Time)","level":30,"resultMsg":"SELECT validateuseremail('durgesh.test@gmail.com');","msg":"","time":"2021-01-25T15:44:45.311Z","v":0}
{"name":"applicationLog_log","hostname":"TEC-N07566","pid":46304,"TAG":"sqlQueryResultMon Jan 25 2021 23:44:45 GMT+0800 (Malay Peninsula Standard Time)","level":30,"resultMsg":"success","msg":"","time":"2021-01-25T15:44:45.738Z","v":0}
{"name":"applicationLog_log","hostname":"TEC-N07566","pid":46304,"TAG":"sqlQueryMon Jan 25 2021 23:44:45 GMT+0800 (Malay Peninsula Standard Time)","level":30,"resultMsg":"SELECT addrole('test33');","msg":"","time":"2021-01-25T15:44:45.742Z","v":0}
{"name":"applicationLog_log","hostname":"TEC-N07566","pid":46304,"TAG":"sqlQueryResultMon Jan 25 2021 23:44:45 GMT+0800 (Malay Peninsula Standard Time)","level":30,"resultMsg":"success","msg":"","time":"2021-01-25T15:44:45.810Z","v":0}
{"name":"applicationLog_log","hostname":"TEC-N07566","pid":46304,"TAG":"sqlQueryMon Jan 25 2021 23:44:54 GMT+0800 (Malay Peninsula Standard Time)","level":30,"resultMsg":"SELECT validateuseremail('durgesh.test@gmail.com');","msg":"","time":"2021-01-25T15:44:54.429Z","v":0}
{"name":"applicationLog_log","hostname":"TEC-N07566","pid":46304,"TAG":"sqlQueryResultMon Jan 25 2021 23:44:54 GMT+0800 (Malay Peninsula Standard Time)","level":30,"resultMsg":"success","msg":"","time":"2021-01-25T15:44:54.503Z","v":0}
{"name":"applicationLog_log","hostname":"TEC-N07566","pid":46304,"TAG":"sqlQueryMon Jan 25 2021 23:44:54 GMT+0800 (Malay Peninsula Standard Time)","level":30,"resultMsg":"SELECT getroles();","msg":"","time":"2021-01-25T15:44:54.504Z","v":0}
{"name":"applicationLog_log","hostname":"TEC-N07566","pid":46304,"TAG":"sqlQueryResultMon Jan 25 2021 23:44:54 GMT+0800 (Malay Peninsula Standard Time)","level":30,"resultMsg":[{"id":1,"role_name":"role1","created_date":null},{"id":2,"role_name":"role2","created_date":"2021-01-24T23:29:38.221888"},{"id":3,"role_name":"test33","created_date":"2021-01-25T23:44:46.020403"}],"msg":"","time":"2021-01-25T15:44:54.576Z","v":0}
{"name":"applicationLog_log","hostname":"TEC-N07566","pid":52188,"TAG":"sqlQueryMon Jan 25 2021 23:56:58 GMT+0800 (Malay Peninsula Standard Time)","level":30,"resultMsg":"SELECT validateuser('durgesh.test@gmail.com','e10adc3949ba59abbe56e057f20f883e');","msg":"","time":"2021-01-25T15:56:58.528Z","v":0}
{"name":"applicationLog_log","hostname":"TEC-N07566","pid":52188,"TAG":"sqlQueryResultMon Jan 25 2021 23:56:59 GMT+0800 (Malay Peninsula Standard Time)","level":30,"resultMsg":13,"msg":"","time":"2021-01-25T15:56:59.235Z","v":0}
{"name":"applicationLog_log","hostname":"TEC-N07566","pid":52188,"TAG":"sqlQueryMon Jan 25 2021 23:56:59 GMT+0800 (Malay Peninsula Standard Time)","level":30,"resultMsg":"SELECT validateuseremail('durgesh.test@gmail.com');","msg":"","time":"2021-01-25T15:56:59.235Z","v":0}
{"name":"applicationLog_log","hostname":"TEC-N07566","pid":52188,"TAG":"sqlQueryResultMon Jan 25 2021 23:56:59 GMT+0800 (Malay Peninsula Standard Time)","level":30,"resultMsg":"success","msg":"","time":"2021-01-25T15:56:59.304Z","v":0}
{"name":"applicationLog_log","hostname":"TEC-N07566","pid":52188,"TAG":"sqlQueryMon Jan 25 2021 23:57:39 GMT+0800 (Malay Peninsula Standard Time)","level":30,"resultMsg":"SELECT validateuseremail('durgesh.test@gmail.com');","msg":"","time":"2021-01-25T15:57:39.167Z","v":0}
{"name":"applicationLog_log","hostname":"TEC-N07566","pid":52188,"TAG":"sqlQueryResultMon Jan 25 2021 23:57:39 GMT+0800 (Malay Peninsula Standard Time)","level":30,"resultMsg":"success","msg":"","time":"2021-01-25T15:57:39.532Z","v":0}
{"name":"applicationLog_log","hostname":"TEC-N07566","pid":52188,"TAG":"sqlQueryMon Jan 25 2021 23:57:39 GMT+0800 (Malay Peninsula Standard Time)","level":30,"resultMsg":"SELECT getusersroles('13:');","msg":"","time":"2021-01-25T15:57:39.534Z","v":0}
{"name":"applicationLog_log","hostname":"TEC-N07566","pid":52188,"TAG":"sqlQueryResultErrorMon Jan 25 2021 23:57:39 GMT+0800 (Malay Peninsula Standard Time)","level":50,"resultMsg":{"name":"SequelizeDatabaseError","message":"invalid input syntax for integer: \"13:\"","parent":{"name":"error","length":97,"severity":"ERROR","code":"22P02","position":"22","file":"numutils.c","line":"106","routine":"pg_atoi","sql":"SELECT getusersroles('13:');"},"original":{"name":"error","length":97,"severity":"ERROR","code":"22P02","position":"22","file":"numutils.c","line":"106","routine":"pg_atoi","sql":"SELECT getusersroles('13:');"},"sql":"SELECT getusersroles('13:');"},"msg":"","time":"2021-01-25T15:57:39.621Z","v":0}
{"name":"applicationLog_log","hostname":"TEC-N07566","pid":52988,"TAG":"sqlQueryMon Jan 25 2021 23:59:11 GMT+0800 (Malay Peninsula Standard Time)","level":30,"resultMsg":"SELECT validateuser('durgesh.test@gmail.com','e10adc3949ba59abbe56e057f20f883e');","msg":"","time":"2021-01-25T15:59:11.391Z","v":0}
{"name":"applicationLog_log","hostname":"TEC-N07566","pid":52988,"TAG":"sqlQueryResultMon Jan 25 2021 23:59:12 GMT+0800 (Malay Peninsula Standard Time)","level":30,"resultMsg":13,"msg":"","time":"2021-01-25T15:59:12.078Z","v":0}
{"name":"applicationLog_log","hostname":"TEC-N07566","pid":52988,"TAG":"sqlQueryMon Jan 25 2021 23:59:12 GMT+0800 (Malay Peninsula Standard Time)","level":30,"resultMsg":"SELECT validateuseremail('durgesh.test@gmail.com');","msg":"","time":"2021-01-25T15:59:12.084Z","v":0}
{"name":"applicationLog_log","hostname":"TEC-N07566","pid":52988,"TAG":"sqlQueryResultMon Jan 25 2021 23:59:12 GMT+0800 (Malay Peninsula Standard Time)","level":30,"resultMsg":"success","msg":"","time":"2021-01-25T15:59:12.142Z","v":0}
{"name":"applicationLog_log","hostname":"TEC-N07566","pid":52988,"TAG":"sqlQueryMon Jan 25 2021 23:59:39 GMT+0800 (Malay Peninsula Standard Time)","level":30,"resultMsg":"SELECT validateuseremail('durgesh.test@gmail.com');","msg":"","time":"2021-01-25T15:59:39.212Z","v":0}
{"name":"applicationLog_log","hostname":"TEC-N07566","pid":52988,"TAG":"sqlQueryResultMon Jan 25 2021 23:59:39 GMT+0800 (Malay Peninsula Standard Time)","level":30,"resultMsg":"success","msg":"","time":"2021-01-25T15:59:39.577Z","v":0}
{"name":"applicationLog_log","hostname":"TEC-N07566","pid":52988,"TAG":"sqlQueryMon Jan 25 2021 23:59:39 GMT+0800 (Malay Peninsula Standard Time)","level":30,"resultMsg":"SELECT getusersroles('13');","msg":"","time":"2021-01-25T15:59:39.582Z","v":0}
{"name":"applicationLog_log","hostname":"TEC-N07566","pid":52988,"TAG":"sqlQueryResultMon Jan 25 2021 23:59:39 GMT+0800 (Malay Peninsula Standard Time)","level":30,"resultMsg":[{"userid":13,"username":"durgesh","role_name":"role1","roleid":1},{"userid":13,"username":"durgesh","role_name":"role2","roleid":2}],"msg":"","time":"2021-01-25T15:59:39.650Z","v":0}
{"name":"applicationLog_log","hostname":"TEC-N07566","pid":52988,"TAG":"sqlQueryMon Jan 25 2021 23:59:49 GMT+0800 (Malay Peninsula Standard Time)","level":30,"resultMsg":"SELECT validateuseremail('durgesh.test@gmail.com');","msg":"","time":"2021-01-25T15:59:49.404Z","v":0}
{"name":"applicationLog_log","hostname":"TEC-N07566","pid":52988,"TAG":"sqlQueryResultMon Jan 25 2021 23:59:49 GMT+0800 (Malay Peninsula Standard Time)","level":30,"resultMsg":"success","msg":"","time":"2021-01-25T15:59:49.461Z","v":0}
{"name":"applicationLog_log","hostname":"TEC-N07566","pid":52988,"TAG":"sqlQueryMon Jan 25 2021 23:59:49 GMT+0800 (Malay Peninsula Standard Time)","level":30,"resultMsg":"SELECT getusersroles('12');","msg":"","time":"2021-01-25T15:59:49.462Z","v":0}
{"name":"applicationLog_log","hostname":"TEC-N07566","pid":52988,"TAG":"sqlQueryResultMon Jan 25 2021 23:59:49 GMT+0800 (Malay Peninsula Standard Time)","level":30,"resultMsg":"fail","msg":"","time":"2021-01-25T15:59:49.523Z","v":0}
{"name":"applicationLog_log","hostname":"TEC-N07566","pid":52988,"TAG":"sqlQueryTue Jan 26 2021 00:00:28 GMT+0800 (Malay Peninsula Standard Time)","level":30,"resultMsg":"SELECT validateuseremail('durgesh.test@gmail.com');","msg":"","time":"2021-01-25T16:00:28.732Z","v":0}
{"name":"applicationLog_log","hostname":"TEC-N07566","pid":52988,"TAG":"sqlQueryResultTue Jan 26 2021 00:00:29 GMT+0800 (Malay Peninsula Standard Time)","level":30,"resultMsg":"success","msg":"","time":"2021-01-25T16:00:29.117Z","v":0}
{"name":"applicationLog_log","hostname":"TEC-N07566","pid":52988,"TAG":"sqlQueryTue Jan 26 2021 00:00:29 GMT+0800 (Malay Peninsula Standard Time)","level":30,"resultMsg":"SELECT getroles();","msg":"","time":"2021-01-25T16:00:29.122Z","v":0}
{"name":"applicationLog_log","hostname":"TEC-N07566","pid":52988,"TAG":"sqlQueryResultTue Jan 26 2021 00:00:29 GMT+0800 (Malay Peninsula Standard Time)","level":30,"resultMsg":[{"id":1,"role_name":"role1","created_date":null},{"id":2,"role_name":"role2","created_date":"2021-01-24T23:29:38.221888"},{"id":3,"role_name":"test33","created_date":"2021-01-25T23:44:46.020403"}],"msg":"","time":"2021-01-25T16:00:29.180Z","v":0}
{"name":"applicationLog_log","hostname":"TEC-N07566","pid":52988,"TAG":"sqlQueryTue Jan 26 2021 00:00:50 GMT+0800 (Malay Peninsula Standard Time)","level":30,"resultMsg":"SELECT validateuseremail('durgesh.test@gmail.com');","msg":"","time":"2021-01-25T16:00:50.973Z","v":0}
{"name":"applicationLog_log","hostname":"TEC-N07566","pid":52988,"TAG":"sqlQueryResultTue Jan 26 2021 00:00:51 GMT+0800 (Malay Peninsula Standard Time)","level":30,"resultMsg":"success","msg":"","time":"2021-01-25T16:00:51.332Z","v":0}
{"name":"applicationLog_log","hostname":"TEC-N07566","pid":52988,"TAG":"sqlQueryTue Jan 26 2021 00:00:51 GMT+0800 (Malay Peninsula Standard Time)","level":30,"resultMsg":"SELECT setusersroles('13','3');","msg":"","time":"2021-01-25T16:00:51.336Z","v":0}
{"name":"applicationLog_log","hostname":"TEC-N07566","pid":52988,"TAG":"sqlQueryResultTue Jan 26 2021 00:00:51 GMT+0800 (Malay Peninsula Standard Time)","level":30,"resultMsg":"success","msg":"","time":"2021-01-25T16:00:51.395Z","v":0}
{"name":"applicationLog_log","hostname":"TEC-N07566","pid":52988,"TAG":"sqlQueryTue Jan 26 2021 00:00:56 GMT+0800 (Malay Peninsula Standard Time)","level":30,"resultMsg":"SELECT validateuseremail('durgesh.test@gmail.com');","msg":"","time":"2021-01-25T16:00:56.586Z","v":0}
{"name":"applicationLog_log","hostname":"TEC-N07566","pid":52988,"TAG":"sqlQueryResultTue Jan 26 2021 00:00:56 GMT+0800 (Malay Peninsula Standard Time)","level":30,"resultMsg":"success","msg":"","time":"2021-01-25T16:00:56.643Z","v":0}
{"name":"applicationLog_log","hostname":"TEC-N07566","pid":52988,"TAG":"sqlQueryTue Jan 26 2021 00:00:56 GMT+0800 (Malay Peninsula Standard Time)","level":30,"resultMsg":"SELECT setusersroles('13','3');","msg":"","time":"2021-01-25T16:00:56.644Z","v":0}
{"name":"applicationLog_log","hostname":"TEC-N07566","pid":52988,"TAG":"sqlQueryResultTue Jan 26 2021 00:00:56 GMT+0800 (Malay Peninsula Standard Time)","level":30,"resultMsg":"fail","msg":"","time":"2021-01-25T16:00:56.704Z","v":0}
{"name":"applicationLog_log","hostname":"TEC-N07566","pid":52988,"TAG":"sqlQueryTue Jan 26 2021 00:01:08 GMT+0800 (Malay Peninsula Standard Time)","level":30,"resultMsg":"SELECT validateuseremail('durgesh.test@gmail.com');","msg":"","time":"2021-01-25T16:01:08.871Z","v":0}
{"name":"applicationLog_log","hostname":"TEC-N07566","pid":52988,"TAG":"sqlQueryResultTue Jan 26 2021 00:01:09 GMT+0800 (Malay Peninsula Standard Time)","level":30,"resultMsg":"success","msg":"","time":"2021-01-25T16:01:09.231Z","v":0}
{"name":"applicationLog_log","hostname":"TEC-N07566","pid":52988,"TAG":"sqlQueryTue Jan 26 2021 00:01:09 GMT+0800 (Malay Peninsula Standard Time)","level":30,"resultMsg":"SELECT setusersroles('13','4');","msg":"","time":"2021-01-25T16:01:09.233Z","v":0}
{"name":"applicationLog_log","hostname":"TEC-N07566","pid":52988,"TAG":"sqlQueryResultTue Jan 26 2021 00:01:09 GMT+0800 (Malay Peninsula Standard Time)","level":30,"resultMsg":"success","msg":"","time":"2021-01-25T16:01:09.293Z","v":0}
{"name":"applicationLog_log","hostname":"TEC-N07566","pid":52988,"TAG":"sqlQueryTue Jan 26 2021 00:01:19 GMT+0800 (Malay Peninsula Standard Time)","level":30,"resultMsg":"SELECT validateuseremail('durgesh.test@gmail.com');","msg":"","time":"2021-01-25T16:01:19.147Z","v":0}
{"name":"applicationLog_log","hostname":"TEC-N07566","pid":52988,"TAG":"sqlQueryResultTue Jan 26 2021 00:01:19 GMT+0800 (Malay Peninsula Standard Time)","level":30,"resultMsg":"success","msg":"","time":"2021-01-25T16:01:19.209Z","v":0}
{"name":"applicationLog_log","hostname":"TEC-N07566","pid":52988,"TAG":"sqlQueryTue Jan 26 2021 00:01:19 GMT+0800 (Malay Peninsula Standard Time)","level":30,"resultMsg":"SELECT getroles();","msg":"","time":"2021-01-25T16:01:19.212Z","v":0}
{"name":"applicationLog_log","hostname":"TEC-N07566","pid":52988,"TAG":"sqlQueryResultTue Jan 26 2021 00:01:19 GMT+0800 (Malay Peninsula Standard Time)","level":30,"resultMsg":[{"id":1,"role_name":"role1","created_date":null},{"id":2,"role_name":"role2","created_date":"2021-01-24T23:29:38.221888"},{"id":3,"role_name":"test33","created_date":"2021-01-25T23:44:46.020403"}],"msg":"","time":"2021-01-25T16:01:19.278Z","v":0}
{"name":"applicationLog_log","hostname":"TEC-N07566","pid":56688,"TAG":"sqlQueryTue Jan 26 2021 00:06:16 GMT+0800 (Malay Peninsula Standard Time)","level":30,"resultMsg":"SELECT validateuser('durgesh.test@gmail.com','e10adc3949ba59abbe56e057f20f883e');","msg":"","time":"2021-01-25T16:06:16.572Z","v":0}
{"name":"applicationLog_log","hostname":"TEC-N07566","pid":56688,"TAG":"sqlQueryResultTue Jan 26 2021 00:06:17 GMT+0800 (Malay Peninsula Standard Time)","level":30,"resultMsg":13,"msg":"","time":"2021-01-25T16:06:17.269Z","v":0}
{"name":"applicationLog_log","hostname":"TEC-N07566","pid":56688,"TAG":"sqlQueryTue Jan 26 2021 00:06:17 GMT+0800 (Malay Peninsula Standard Time)","level":30,"resultMsg":"SELECT validateuseremail('durgesh.test@gmail.com');","msg":"","time":"2021-01-25T16:06:17.276Z","v":0}
{"name":"applicationLog_log","hostname":"TEC-N07566","pid":56688,"TAG":"sqlQueryResultTue Jan 26 2021 00:06:17 GMT+0800 (Malay Peninsula Standard Time)","level":30,"resultMsg":"success","msg":"","time":"2021-01-25T16:06:17.331Z","v":0}
{"name":"applicationLog_log","hostname":"TEC-N07566","pid":56688,"TAG":"sqlQueryTue Jan 26 2021 00:06:44 GMT+0800 (Malay Peninsula Standard Time)","level":30,"resultMsg":"SELECT validateuseremail('durgesh.test@gmail.com');","msg":"","time":"2021-01-25T16:06:44.815Z","v":0}
{"name":"applicationLog_log","hostname":"TEC-N07566","pid":56688,"TAG":"sqlQueryResultTue Jan 26 2021 00:06:45 GMT+0800 (Malay Peninsula Standard Time)","level":30,"resultMsg":"success","msg":"","time":"2021-01-25T16:06:45.170Z","v":0}
{"name":"applicationLog_log","hostname":"TEC-N07566","pid":56688,"TAG":"sqlQueryTue Jan 26 2021 00:06:45 GMT+0800 (Malay Peninsula Standard Time)","level":30,"resultMsg":"SELECT getuserspermissions('13');","msg":"","time":"2021-01-25T16:06:45.176Z","v":0}
{"name":"applicationLog_log","hostname":"TEC-N07566","pid":56688,"TAG":"sqlQueryResultTue Jan 26 2021 00:06:45 GMT+0800 (Malay Peninsula Standard Time)","level":30,"resultMsg":{"allowedusers":[],"notallowedusers":[{"email":"durgesh.test@gmail.com","name":"durgesh"},{"email":"durgesh.test2@gmail.com","name":"durgesh"},{"email":"durgesh.test3@gmail.com","name":"test"}]},"msg":"","time":"2021-01-25T16:06:45.239Z","v":0}
{"name":"applicationLog_log","hostname":"TEC-N07566","pid":56688,"TAG":"sqlQueryTue Jan 26 2021 00:07:29 GMT+0800 (Malay Peninsula Standard Time)","level":30,"resultMsg":"SELECT validateuseremail('durgesh.test@gmail.com');","msg":"","time":"2021-01-25T16:07:29.427Z","v":0}
{"name":"applicationLog_log","hostname":"TEC-N07566","pid":56688,"TAG":"sqlQueryResultTue Jan 26 2021 00:07:29 GMT+0800 (Malay Peninsula Standard Time)","level":30,"resultMsg":"success","msg":"","time":"2021-01-25T16:07:29.803Z","v":0}
{"name":"applicationLog_log","hostname":"TEC-N07566","pid":56688,"TAG":"sqlQueryTue Jan 26 2021 00:07:29 GMT+0800 (Malay Peninsula Standard Time)","level":30,"resultMsg":"SELECT setuserspermissions('13','2');","msg":"","time":"2021-01-25T16:07:29.812Z","v":0}
{"name":"applicationLog_log","hostname":"TEC-N07566","pid":56688,"TAG":"sqlQueryResultTue Jan 26 2021 00:07:29 GMT+0800 (Malay Peninsula Standard Time)","level":30,"resultMsg":"success","msg":"","time":"2021-01-25T16:07:29.877Z","v":0}
{"name":"applicationLog_log","hostname":"TEC-N07566","pid":56688,"TAG":"sqlQueryTue Jan 26 2021 00:07:35 GMT+0800 (Malay Peninsula Standard Time)","level":30,"resultMsg":"SELECT validateuseremail('durgesh.test@gmail.com');","msg":"","time":"2021-01-25T16:07:35.486Z","v":0}
{"name":"applicationLog_log","hostname":"TEC-N07566","pid":56688,"TAG":"sqlQueryResultTue Jan 26 2021 00:07:35 GMT+0800 (Malay Peninsula Standard Time)","level":30,"resultMsg":"success","msg":"","time":"2021-01-25T16:07:35.545Z","v":0}
{"name":"applicationLog_log","hostname":"TEC-N07566","pid":56688,"TAG":"sqlQueryTue Jan 26 2021 00:07:35 GMT+0800 (Malay Peninsula Standard Time)","level":30,"resultMsg":"SELECT getuserspermissions('13');","msg":"","time":"2021-01-25T16:07:35.546Z","v":0}
{"name":"applicationLog_log","hostname":"TEC-N07566","pid":56688,"TAG":"sqlQueryResultTue Jan 26 2021 00:07:35 GMT+0800 (Malay Peninsula Standard Time)","level":30,"resultMsg":{"allowedusers":[],"notallowedusers":[{"email":"durgesh.test@gmail.com","name":"durgesh"},{"email":"durgesh.test2@gmail.com","name":"durgesh"},{"email":"durgesh.test3@gmail.com","name":"test"}]},"msg":"","time":"2021-01-25T16:07:35.609Z","v":0}
{"name":"applicationLog_log","hostname":"TEC-N07566","pid":57644,"TAG":"sqlQueryTue Jan 26 2021 00:09:51 GMT+0800 (Malay Peninsula Standard Time)","level":30,"resultMsg":"SELECT validateuser('durgesh.test@gmail.com','e10adc3949ba59abbe56e057f20f883e');","msg":"","time":"2021-01-25T16:09:51.444Z","v":0}
{"name":"applicationLog_log","hostname":"TEC-N07566","pid":57644,"TAG":"sqlQueryResultTue Jan 26 2021 00:09:52 GMT+0800 (Malay Peninsula Standard Time)","level":30,"resultMsg":13,"msg":"","time":"2021-01-25T16:09:52.163Z","v":0}
{"name":"applicationLog_log","hostname":"TEC-N07566","pid":57644,"TAG":"sqlQueryTue Jan 26 2021 00:09:52 GMT+0800 (Malay Peninsula Standard Time)","level":30,"resultMsg":"SELECT validateuseremail('durgesh.test@gmail.com');","msg":"","time":"2021-01-25T16:09:52.166Z","v":0}
{"name":"applicationLog_log","hostname":"TEC-N07566","pid":57644,"TAG":"sqlQueryResultTue Jan 26 2021 00:09:52 GMT+0800 (Malay Peninsula Standard Time)","level":30,"resultMsg":"success","msg":"","time":"2021-01-25T16:09:52.223Z","v":0}
